<?xml version="1.0" encoding="UTF-8"?>
<!-- Generated by org.testng.reporters.JUnitReportReporter -->
<testsuite hostname="DESKTOP-QVM6J4J" failures="0" tests="1" name="com.Test.Test_2" time="0.013" errors="0" timestamp="2022-01-29T13:35:58 IST" skipped="0">
  <testcase classname="com.Test.Test_2" name="Test2" time="0.013"/>
  <system-out/>
</testsuite> <!-- com.Test.Test_2 -->
