<?xml version="1.0" encoding="UTF-8"?>
<!-- Generated by org.testng.reporters.JUnitReportReporter -->
<testsuite hostname="DESKTOP-QVM6J4J" failures="0" tests="1" name="com.Test.TestVerify_1" time="0.010" errors="0" timestamp="2022-01-29T13:27:07 IST" skipped="0">
  <testcase classname="com.Test.TestVerify_1" name="Verify_Test_Tc_001" time="0.010"/>
  <system-out/>
</testsuite> <!-- com.Test.TestVerify_1 -->
