<?xml version="1.0" encoding="UTF-8"?>
<!-- Generated by org.testng.reporters.JUnitReportReporter -->
<testsuite hostname="DESKTOP-QVM6J4J" failures="0" tests="1" name="com.Test.Test_5" time="6.094" errors="0" timestamp="2022-01-29T14:58:27 IST" skipped="0">
  <testcase classname="com.Test.Test_5" name="Test_5tc" time="6.094"/>
  <system-out/>
</testsuite> <!-- com.Test.Test_5 -->
